<?xml version="1.0" encoding="UTF-8"?>
<!-- Generated by org.testng.reporters.JUnitReportReporter -->
<testsuite hostname="Apples-MacBook-Air.local" failures="0" tests="1" name="Testcases.UserLogoutCases" time="173.852" errors="0" timestamp="2024-05-30T17:16:39 IST" skipped="0">
  <testcase classname="Testcases.UserLogoutCases" name="testSuccessfulUserLogout" time="173.852"/>
  <system-out/>
</testsuite> <!-- Testcases.UserLogoutCases -->
