<?xml version="1.0" encoding="UTF-8"?>
<!-- Generated by org.testng.reporters.JUnitReportReporter -->
<testsuite hostname="Apples-MacBook-Air.local" failures="0" tests="3" name="Testcases.UserLoginTests" time="325.425" errors="0" timestamp="2024-05-30T17:16:39 IST" skipped="0">
  <testcase classname="Testcases.UserLoginTests" name="testSuccessfulUserLoginWithJSONData" time="28.326"/>
  <system-out/>
  <testcase classname="Testcases.UserLoginTests" name="testSuccessfulUserLogin" time="125.104"/>
  <system-out/>
  <testcase classname="Testcases.UserLoginTests" name="testSuccessfulUserLoginWithExcelData" time="171.995"/>
  <system-out/>
</testsuite> <!-- Testcases.UserLoginTests -->
