<?xml version="1.0" encoding="UTF-8"?>
<!-- Generated by org.testng.reporters.JUnitReportReporter -->
<testsuite hostname="Apples-MacBook-Air.local" failures="0" tests="4" name="Runner.TestRunner" time="124.428" errors="0" timestamp="2024-05-28T16:30:36 IST" skipped="0">
  <testcase classname="Runner.TestRunner" name="runScenario" time="30.551"/>
  <system-out/>
  <testcase classname="Runner.TestRunner" name="runScenario" time="22.652"/>
  <system-out/>
  <testcase classname="Runner.TestRunner" name="runScenario" time="42.593"/>
  <system-out/>
  <testcase classname="Runner.TestRunner" name="runScenario" time="28.632"/>
  <system-out/>
</testsuite> <!-- Runner.TestRunner -->
